08-12-2016 @ 01:43:08 - Queuing 2.5.0 - wc_update_250_currency
08-12-2016 @ 01:43:08 - Queuing 2.5.0 - wc_update_250_db_version
08-12-2016 @ 01:43:08 - Queuing 2.6.0 - wc_update_260_options
08-12-2016 @ 01:43:08 - Queuing 2.6.0 - wc_update_260_termmeta
08-12-2016 @ 01:43:08 - Queuing 2.6.0 - wc_update_260_zones
08-12-2016 @ 01:43:08 - Queuing 2.6.0 - wc_update_260_zone_methods
08-12-2016 @ 01:43:08 - Queuing 2.6.0 - wc_update_260_refunds
08-12-2016 @ 01:43:08 - Queuing 2.6.0 - wc_update_260_db_version
08-12-2016 @ 01:43:09 - Unable to dispatch WooCommerce updater: Operation timed out after 1001 milliseconds with 0 bytes received
08-12-2016 @ 01:43:10 - Running wc_update_250_currency callback
08-12-2016 @ 01:43:10 - Finished wc_update_250_currency callback
08-12-2016 @ 01:43:10 - Running wc_update_250_db_version callback
08-12-2016 @ 01:43:10 - Finished wc_update_250_db_version callback
08-12-2016 @ 01:43:10 - Running wc_update_260_options callback
08-12-2016 @ 01:43:10 - Finished wc_update_260_options callback
08-12-2016 @ 01:43:10 - Running wc_update_260_termmeta callback
08-12-2016 @ 01:43:10 - Finished wc_update_260_termmeta callback
08-12-2016 @ 01:43:10 - Running wc_update_260_zones callback
08-12-2016 @ 01:43:10 - Finished wc_update_260_zones callback
08-12-2016 @ 01:43:10 - Running wc_update_260_zone_methods callback
08-12-2016 @ 01:43:10 - Finished wc_update_260_zone_methods callback
08-12-2016 @ 01:43:10 - Running wc_update_260_refunds callback
08-12-2016 @ 01:43:11 - Finished wc_update_260_refunds callback
08-12-2016 @ 01:43:11 - Running wc_update_260_db_version callback
08-12-2016 @ 01:43:11 - Finished wc_update_260_db_version callback
08-12-2016 @ 01:43:11 - Data update complete
